# JRE version: Java(TM) SE Runtime Environment (14.0.2+12) (build 14.0.2+12-46)
# Java VM: Java HotSpot(TM) 64-Bit Server VM (14.0.2+12-46, mixed mode, sharing, tiered, compressed oops, g1 gc, windows-amd64)
Heap:
 garbage-first heap   total 61440K, used 39648K [0x00000000c4e00000, 0x0000000100000000)
  region size 1024K, 34 young (34816K), 3 survivors (3072K)
 Metaspace       used 14488K, capacity 15143K, committed 15360K, reserved 1062912K
  class space    used 1760K, capacity 1999K, committed 2048K, reserved 1048576K
GC Heap History (6 events):
Event: 1.253 GC heap before
{Heap before GC invocations=0 (full 0):
 garbage-first heap   total 61440K, used 14336K [0x00000000c4e00000, 0x0000000100000000)
  region size 1024K, 13 young (13312K), 0 survivors (0K)
 Metaspace       used 1133K, capacity 4605K, committed 4864K, reserved 1056768K
  class space    used 96K, capacity 404K, committed 512K, reserved 1048576K
}
Event: 1.260 GC heap after
{Heap after GC invocations=1 (full 0):
 garbage-first heap   total 61440K, used 6538K [0x00000000c4e00000, 0x0000000100000000)
  region size 1024K, 2 young (2048K), 2 survivors (2048K)
 Metaspace       used 1133K, capacity 4605K, committed 4864K, reserved 1056768K
  class space    used 96K, capacity 404K, committed 512K, reserved 1048576K
}
Event: 2.268 GC heap before
{Heap before GC invocations=1 (full 0):
 garbage-first heap   total 61440K, used 16778K [0x00000000c4e00000, 0x0000000100000000)
  region size 1024K, 13 young (13312K), 2 survivors (2048K)
 Metaspace       used 4771K, capacity 5610K, committed 5760K, reserved 1056768K
  class space    used 507K, capacity 594K, committed 640K, reserved 1048576K
}
Event: 2.273 GC heap after
{Heap after GC invocations=2 (full 0):
 garbage-first heap   total 61440K, used 7889K [0x00000000c4e00000, 0x0000000100000000)
  region size 1024K, 2 young (2048K), 2 survivors (2048K)
 Metaspace       used 4771K, capacity 5610K, committed 5760K, reserved 1056768K
  class space    used 507K, capacity 594K, committed 640K, reserved 1048576K
}
Event: 3.186 GC heap before
{Heap before GC invocations=2 (full 0):
 garbage-first heap   total 61440K, used 27345K [0x00000000c4e00000, 0x0000000100000000)
  region size 1024K, 21 young (21504K), 2 survivors (2048K)
 Metaspace       used 9097K, capacity 9451K, committed 9728K, reserved 1058816K
  class space    used 1045K, capacity 1178K, committed 1280K, reserved 1048576K
}
Event: 3.190 GC heap after
{Heap after GC invocations=3 (full 0):
 garbage-first heap   total 61440K, used 8928K [0x00000000c4e00000, 0x0000000100000000)
  region size 1024K, 3 young (3072K), 3 survivors (3072K)
 Metaspace       used 9097K, capacity 9451K, committed 9728K, reserved 1058816K
  class space    used 1045K, capacity 1178K, committed 1280K, reserved 1048576K
}

