# JRE version: Java(TM) SE Runtime Environment (14.0.2+12) (build 14.0.2+12-46)
# Java VM: Java HotSpot(TM) 64-Bit Server VM (14.0.2+12-46, mixed mode, sharing, tiered, compressed oops, g1 gc, windows-amd64)
Heap:
 garbage-first heap   total 61440K, used 11542K [0x00000000c4e00000, 0x0000000100000000)
  region size 1024K, 6 young (6144K), 5 survivors (5120K)
 Metaspace       used 14475K, capacity 15146K, committed 15360K, reserved 1064960K
  class space    used 1761K, capacity 2000K, committed 2048K, reserved 1048576K
GC Heap History (6 events):
Event: 0.973 GC heap before
{Heap before GC invocations=0 (full 0):
 garbage-first heap   total 61440K, used 14336K [0x00000000c4e00000, 0x0000000100000000)
  region size 1024K, 13 young (13312K), 0 survivors (0K)
 Metaspace       used 1148K, capacity 4608K, committed 4864K, reserved 1056768K
  class space    used 96K, capacity 405K, committed 512K, reserved 1048576K
}
Event: 0.982 GC heap after
{Heap after GC invocations=1 (full 0):
 garbage-first heap   total 61440K, used 6962K [0x00000000c4e00000, 0x0000000100000000)
  region size 1024K, 2 young (2048K), 2 survivors (2048K)
 Metaspace       used 1148K, capacity 4608K, committed 4864K, reserved 1056768K
  class space    used 96K, capacity 405K, committed 512K, reserved 1048576K
}
Event: 2.058 GC heap before
{Heap before GC invocations=1 (full 0):
 garbage-first heap   total 61440K, used 17202K [0x00000000c4e00000, 0x0000000100000000)
  region size 1024K, 13 young (13312K), 2 survivors (2048K)
 Metaspace       used 4786K, capacity 5613K, committed 5760K, reserved 1056768K
  class space    used 508K, capacity 595K, committed 640K, reserved 1048576K
}
Event: 2.064 GC heap after
{Heap after GC invocations=2 (full 0):
 garbage-first heap   total 61440K, used 8191K [0x00000000c4e00000, 0x0000000100000000)
  region size 1024K, 2 young (2048K), 2 survivors (2048K)
 Metaspace       used 4786K, capacity 5613K, committed 5760K, reserved 1056768K
  class space    used 508K, capacity 595K, committed 640K, reserved 1048576K
}
Event: 3.110 GC heap before
{Heap before GC invocations=2 (full 0):
 garbage-first heap   total 61440K, used 27647K [0x00000000c4e00000, 0x0000000100000000)
  region size 1024K, 21 young (21504K), 2 survivors (2048K)
 Metaspace       used 7962K, capacity 8265K, committed 8576K, reserved 1056768K
  class space    used 925K, capacity 1039K, committed 1152K, reserved 1048576K
}
Event: 3.117 GC heap after
{Heap after GC invocations=3 (full 0):
 garbage-first heap   total 61440K, used 8820K [0x00000000c4e00000, 0x0000000100000000)
  region size 1024K, 2 young (2048K), 2 survivors (2048K)
 Metaspace       used 7962K, capacity 8265K, committed 8576K, reserved 1056768K
  class space    used 925K, capacity 1039K, committed 1152K, reserved 1048576K
}

